<?xml version="1.0" encoding="UTF-8"?>
<testsuite name="com.pandacare.mainapp.MainappApplicationTests" tests="1" skipped="0" failures="0" errors="0" timestamp="2025-04-10T15:23:07.626Z" hostname="DAPQIL" time="0.698">
  <properties/>
  <testcase name="contextLoads()" classname="com.pandacare.mainapp.MainappApplicationTests" time="0.698"/>
  <system-out><![CDATA[22:23:06.066 [Test worker] INFO org.springframework.test.context.support.AnnotationConfigContextLoaderUtils -- Could not detect default configuration classes for test class [com.pandacare.mainapp.MainappApplicationTests]: MainappApplicationTests does not declare any static, non-private, non-final, nested classes annotated with @Configuration.
22:23:06.204 [Test worker] INFO org.springframework.boot.test.context.SpringBootTestContextBootstrapper -- Found @SpringBootConfiguration com.pandacare.mainapp.MainappApplication for test class com.pandacare.mainapp.MainappApplicationTests

  .   ____          _            __ _ _
 /\\ / ___'_ __ _ _(_)_ __  __ _ \ \ \ \
( ( )\___ | '_ | '_| | '_ \/ _` | \ \ \ \
 \\/  ___)| |_)| | | | | || (_| |  ) ) ) )
  '  |____| .__|_| |_|_| |_\__, | / / / /
 =========|_|==============|___/=/_/_/_/
 :: Spring Boot ::                (v3.2.2)

2025-04-10T22:23:06.589+07:00  INFO 34976 --- [mainapp] [    Test worker] c.p.mainapp.MainappApplicationTests      : Starting MainappApplicationTests using Java 21.0.2 with PID 34976 (started by TUF in C:\Users\TUF\Documents\UI\Matkul\Semester 4\Adpro\TK\main-app)
2025-04-10T22:23:06.591+07:00  INFO 34976 --- [mainapp] [    Test worker] c.p.mainapp.MainappApplicationTests      : No active profile set, falling back to 1 default profile: "default"
2025-04-10T22:23:07.522+07:00  WARN 34976 --- [mainapp] [    Test worker] ion$DefaultTemplateResolverConfiguration : Cannot find template location: classpath:/templates/ (please add some templates, check your Thymeleaf configuration, or set spring.thymeleaf.check-template-location=false)
2025-04-10T22:23:07.610+07:00  INFO 34976 --- [mainapp] [    Test worker] c.p.mainapp.MainappApplicationTests      : Started MainappApplicationTests in 1.235 seconds (process running for 2.749)
]]></system-out>
  <system-err><![CDATA[WARNING: A Java agent has been loaded dynamically (C:\Users\TUF\.gradle\caches\modules-2\files-2.1\net.bytebuddy\byte-buddy-agent\1.14.11\f9cb566608fbac6bc7bf54901a7aa11543a989ee\byte-buddy-agent-1.14.11.jar)
WARNING: If a serviceability tool is in use, please run with -XX:+EnableDynamicAgentLoading to hide this warning
WARNING: If a serviceability tool is not in use, please run with -Djdk.instrument.traceUsage for more information
WARNING: Dynamic loading of agents will be disallowed by default in a future release
]]></system-err>
</testsuite>
